# JRE version: Java(TM) SE Runtime Environment (21.0.4+8) (build 21.0.4+8-LTS-274)
# Java VM: Java HotSpot(TM) 64-Bit Server VM (21.0.4+8-LTS-274, mixed mode, sharing, tiered, compressed oops, compressed class ptrs, g1 gc, windows-amd64)
GC Precious Log:
 CardTable entry size: 512
 Card Set container configuration: InlinePtr #cards 4 size 8 Array Of Cards #cards 16 size 48 Howl #buckets 8 coarsen threshold 3686 Howl Bitmap #cards 512 size 80 coarsen threshold 460 Card regions per heap region 1 cards per card region 4096
 CPUs: 8 total, 8 available
 Memory: 7918M
 Large Page Support: Disabled
 NUMA Support: Disabled
 Compressed Oops: Enabled (Zero based)
 Heap Region Size: 2M
 Heap Min Capacity: 8M
 Heap Initial Capacity: 124M
 Heap Max Capacity: 4G
 Pre-touch: Disabled
 Parallel Workers: 8
 Concurrent Workers: 2
 Concurrent Refinement Workers: 8
 Periodic GC: Disabled
Heap:
 garbage-first heap   total 430080K, used 180906K [0x0000000700000000, 0x0000000800000000)
  region size 2048K, 4 young (8192K), 4 survivors (8192K)
 Metaspace       used 107980K, committed 110592K, reserved 983040K
  class space    used 14793K, committed 16064K, reserved 851968K
GC Heap History (20 events):
Event: 93.850 GC heap after
{Heap after GC invocations=42 (full 0):
 garbage-first heap   total 194560K, used 121183K [0x0000000700000000, 0x0000000800000000)
  region size 2048K, 2 young (4096K), 2 survivors (4096K)
 Metaspace       used 106902K, committed 109440K, reserved 983040K
  class space    used 14666K, committed 15936K, reserved 851968K
}
Event: 93.981 GC heap before
{Heap before GC invocations=42 (full 0):
 garbage-first heap   total 194560K, used 176479K [0x0000000700000000, 0x0000000800000000)
  region size 2048K, 29 young (59392K), 2 survivors (4096K)
 Metaspace       used 106904K, committed 109440K, reserved 983040K
  class space    used 14666K, committed 15936K, reserved 851968K
}
Event: 93.985 GC heap after
{Heap after GC invocations=43 (full 0):
 garbage-first heap   total 194560K, used 123128K [0x0000000700000000, 0x0000000800000000)
  region size 2048K, 3 young (6144K), 3 survivors (6144K)
 Metaspace       used 106904K, committed 109440K, reserved 983040K
  class space    used 14666K, committed 15936K, reserved 851968K
}
Event: 94.157 GC heap before
{Heap before GC invocations=43 (full 0):
 garbage-first heap   total 194560K, used 174328K [0x0000000700000000, 0x0000000800000000)
  region size 2048K, 28 young (57344K), 3 survivors (6144K)
 Metaspace       used 106904K, committed 109440K, reserved 983040K
  class space    used 14666K, committed 15936K, reserved 851968K
}
Event: 94.162 GC heap after
{Heap after GC invocations=44 (full 0):
 garbage-first heap   total 194560K, used 124414K [0x0000000700000000, 0x0000000800000000)
  region size 2048K, 3 young (6144K), 3 survivors (6144K)
 Metaspace       used 106904K, committed 109440K, reserved 983040K
  class space    used 14666K, committed 15936K, reserved 851968K
}
Event: 97.236 GC heap before
{Heap before GC invocations=45 (full 0):
 garbage-first heap   total 249856K, used 171518K [0x0000000700000000, 0x0000000800000000)
  region size 2048K, 27 young (55296K), 3 survivors (6144K)
 Metaspace       used 106905K, committed 109440K, reserved 983040K
  class space    used 14665K, committed 15936K, reserved 851968K
}
Event: 97.337 GC heap after
{Heap after GC invocations=46 (full 0):
 garbage-first heap   total 249856K, used 130126K [0x0000000700000000, 0x0000000800000000)
  region size 2048K, 4 young (8192K), 4 survivors (8192K)
 Metaspace       used 106905K, committed 109440K, reserved 983040K
  class space    used 14665K, committed 15936K, reserved 851968K
}
Event: 98.669 GC heap before
{Heap before GC invocations=46 (full 0):
 garbage-first heap   total 249856K, used 224334K [0x0000000700000000, 0x0000000800000000)
  region size 2048K, 51 young (104448K), 4 survivors (8192K)
 Metaspace       used 106931K, committed 109504K, reserved 983040K
  class space    used 14665K, committed 15936K, reserved 851968K
}
Event: 98.779 GC heap after
{Heap after GC invocations=47 (full 0):
 garbage-first heap   total 249856K, used 133453K [0x0000000700000000, 0x0000000800000000)
  region size 2048K, 6 young (12288K), 6 survivors (12288K)
 Metaspace       used 106931K, committed 109504K, reserved 983040K
  class space    used 14665K, committed 15936K, reserved 851968K
}
Event: 99.921 GC heap before
{Heap before GC invocations=47 (full 0):
 garbage-first heap   total 249856K, used 219469K [0x0000000700000000, 0x0000000800000000)
  region size 2048K, 49 young (100352K), 6 survivors (12288K)
 Metaspace       used 106999K, committed 109568K, reserved 983040K
  class space    used 14672K, committed 15936K, reserved 851968K
}
Event: 100.012 GC heap after
{Heap after GC invocations=48 (full 0):
 garbage-first heap   total 430080K, used 145356K [0x0000000700000000, 0x0000000800000000)
  region size 2048K, 7 young (14336K), 7 survivors (14336K)
 Metaspace       used 106999K, committed 109568K, reserved 983040K
  class space    used 14672K, committed 15936K, reserved 851968K
}
Event: 104.990 GC heap before
{Heap before GC invocations=49 (full 0):
 garbage-first heap   total 430080K, used 339916K [0x0000000700000000, 0x0000000800000000)
  region size 2048K, 103 young (210944K), 7 survivors (14336K)
 Metaspace       used 107818K, committed 110336K, reserved 983040K
  class space    used 14792K, committed 16064K, reserved 851968K
}
Event: 105.195 GC heap after
{Heap after GC invocations=50 (full 0):
 garbage-first heap   total 430080K, used 176128K [0x0000000700000000, 0x0000000800000000)
  region size 2048K, 13 young (26624K), 13 survivors (26624K)
 Metaspace       used 107818K, committed 110336K, reserved 983040K
  class space    used 14792K, committed 16064K, reserved 851968K
}
Event: 105.635 GC heap before
{Heap before GC invocations=50 (full 0):
 garbage-first heap   total 430080K, used 342016K [0x0000000700000000, 0x0000000800000000)
  region size 2048K, 95 young (194560K), 13 survivors (26624K)
 Metaspace       used 107896K, committed 110464K, reserved 983040K
  class space    used 14793K, committed 16064K, reserved 851968K
}
Event: 105.774 GC heap after
{Heap after GC invocations=51 (full 0):
 garbage-first heap   total 430080K, used 178011K [0x0000000700000000, 0x0000000800000000)
  region size 2048K, 3 young (6144K), 3 survivors (6144K)
 Metaspace       used 107896K, committed 110464K, reserved 983040K
  class space    used 14793K, committed 16064K, reserved 851968K
}
Event: 106.211 GC heap before
{Heap before GC invocations=51 (full 0):
 garbage-first heap   total 430080K, used 350043K [0x0000000700000000, 0x0000000800000000)
  region size 2048K, 88 young (180224K), 3 survivors (6144K)
 Metaspace       used 107955K, committed 110528K, reserved 983040K
  class space    used 14793K, committed 16064K, reserved 851968K
}
Event: 106.438 GC heap after
{Heap after GC invocations=52 (full 0):
 garbage-first heap   total 430080K, used 178470K [0x0000000700000000, 0x0000000800000000)
  region size 2048K, 3 young (6144K), 3 survivors (6144K)
 Metaspace       used 107955K, committed 110528K, reserved 983040K
  class space    used 14793K, committed 16064K, reserved 851968K
}
Event: 106.909 GC heap before
{Heap before GC invocations=52 (full 0):
 garbage-first heap   total 430080K, used 362790K [0x0000000700000000, 0x0000000800000000)
  region size 2048K, 94 young (192512K), 3 survivors (6144K)
 Metaspace       used 107965K, committed 110528K, reserved 983040K
  class space    used 14793K, committed 16064K, reserved 851968K
}
Event: 107.001 GC heap after
{Heap after GC invocations=53 (full 0):
 garbage-first heap   total 430080K, used 178400K [0x0000000700000000, 0x0000000800000000)
  region size 2048K, 3 young (6144K), 3 survivors (6144K)
 Metaspace       used 107965K, committed 110528K, reserved 983040K
  class space    used 14793K, committed 16064K, reserved 851968K
}
Event: 107.510 GC heap before
{Heap before GC invocations=53 (full 0):
 garbage-first heap   total 430080K, used 370912K [0x0000000700000000, 0x0000000800000000)
  region size 2048K, 98 young (200704K), 3 survivors (6144K)
 Metaspace       used 107980K, committed 110592K, reserved 983040K
  class space    used 14793K, committed 16064K, reserved 851968K
}

