# JRE version: Java(TM) SE Runtime Environment (21.0.4+8) (build 21.0.4+8-LTS-274)
# Java VM: Java HotSpot(TM) 64-Bit Server VM (21.0.4+8-LTS-274, mixed mode, sharing, tiered, compressed oops, compressed class ptrs, g1 gc, windows-amd64)
GC Precious Log:
 CardTable entry size: 512
 Card Set container configuration: InlinePtr #cards 4 size 8 Array Of Cards #cards 32 size 80 Howl #buckets 8 coarsen threshold 7372 Howl Bitmap #cards 1024 size 144 coarsen threshold 921 Card regions per heap region 1 cards per card region 8192
 CPUs: 8 total, 8 available
 Memory: 7918M
 Large Page Support: Disabled
 NUMA Support: Disabled
 Compressed Oops: Enabled (Zero based)
 Heap Region Size: 4M
 Heap Min Capacity: 8M
 Heap Initial Capacity: 124M
 Heap Max Capacity: 6G
 Pre-touch: Disabled
 Parallel Workers: 8
 Concurrent Workers: 2
 Concurrent Refinement Workers: 8
 Periodic GC: Disabled
Heap:
 garbage-first heap   total 167936K, used 94147K [0x0000000680000000, 0x0000000800000000)
  region size 4096K, 6 young (24576K), 1 survivors (4096K)
 Metaspace       used 80528K, committed 82816K, reserved 557056K
  class space    used 11302K, committed 12416K, reserved 425984K
GC Heap History (20 events):
Event: 38.582 GC heap before
{Heap before GC invocations=17 (full 0):
 garbage-first heap   total 118784K, used 91585K [0x0000000680000000, 0x0000000800000000)
  region size 4096K, 10 young (40960K), 2 survivors (8192K)
 Metaspace       used 61910K, committed 63808K, reserved 491520K
  class space    used 8738K, committed 9664K, reserved 425984K
}
Event: 38.585 GC heap after
{Heap after GC invocations=18 (full 0):
 garbage-first heap   total 118784K, used 60630K [0x0000000680000000, 0x0000000800000000)
  region size 4096K, 2 young (8192K), 2 survivors (8192K)
 Metaspace       used 61910K, committed 63808K, reserved 491520K
  class space    used 8738K, committed 9664K, reserved 425984K
}
Event: 40.340 GC heap before
{Heap before GC invocations=18 (full 0):
 garbage-first heap   total 118784K, used 97494K [0x0000000680000000, 0x0000000800000000)
  region size 4096K, 11 young (45056K), 2 survivors (8192K)
 Metaspace       used 64509K, committed 66368K, reserved 491520K
  class space    used 9117K, committed 10048K, reserved 425984K
}
Event: 40.346 GC heap after
{Heap after GC invocations=19 (full 0):
 garbage-first heap   total 118784K, used 60635K [0x0000000680000000, 0x0000000800000000)
  region size 4096K, 2 young (8192K), 2 survivors (8192K)
 Metaspace       used 64509K, committed 66368K, reserved 491520K
  class space    used 9117K, committed 10048K, reserved 425984K
}
Event: 42.383 GC heap before
{Heap before GC invocations=19 (full 0):
 garbage-first heap   total 118784K, used 97499K [0x0000000680000000, 0x0000000800000000)
  region size 4096K, 11 young (45056K), 2 survivors (8192K)
 Metaspace       used 67689K, committed 69760K, reserved 491520K
  class space    used 9645K, committed 10624K, reserved 425984K
}
Event: 42.387 GC heap after
{Heap after GC invocations=20 (full 0):
 garbage-first heap   total 118784K, used 61792K [0x0000000680000000, 0x0000000800000000)
  region size 4096K, 2 young (8192K), 2 survivors (8192K)
 Metaspace       used 67689K, committed 69760K, reserved 491520K
  class space    used 9645K, committed 10624K, reserved 425984K
}
Event: 43.768 GC heap before
{Heap before GC invocations=21 (full 0):
 garbage-first heap   total 118784K, used 98656K [0x0000000680000000, 0x0000000800000000)
  region size 4096K, 11 young (45056K), 2 survivors (8192K)
 Metaspace       used 69777K, committed 71872K, reserved 491520K
  class space    used 9950K, committed 10944K, reserved 425984K
}
Event: 43.774 GC heap after
{Heap after GC invocations=22 (full 0):
 garbage-first heap   total 118784K, used 62972K [0x0000000680000000, 0x0000000800000000)
  region size 4096K, 2 young (8192K), 2 survivors (8192K)
 Metaspace       used 69777K, committed 71872K, reserved 491520K
  class space    used 9950K, committed 10944K, reserved 425984K
}
Event: 44.961 GC heap before
{Heap before GC invocations=22 (full 0):
 garbage-first heap   total 118784K, used 95740K [0x0000000680000000, 0x0000000800000000)
  region size 4096K, 10 young (40960K), 2 survivors (8192K)
 Metaspace       used 71739K, committed 73856K, reserved 491520K
  class space    used 10228K, committed 11264K, reserved 425984K
}
Event: 44.969 GC heap after
{Heap after GC invocations=23 (full 0):
 garbage-first heap   total 118784K, used 65110K [0x0000000680000000, 0x0000000800000000)
  region size 4096K, 2 young (8192K), 2 survivors (8192K)
 Metaspace       used 71739K, committed 73856K, reserved 491520K
  class space    used 10228K, committed 11264K, reserved 425984K
}
Event: 46.699 GC heap before
{Heap before GC invocations=23 (full 0):
 garbage-first heap   total 118784K, used 97878K [0x0000000680000000, 0x0000000800000000)
  region size 4096K, 10 young (40960K), 2 survivors (8192K)
 Metaspace       used 73415K, committed 75584K, reserved 491520K
  class space    used 10419K, committed 11520K, reserved 425984K
}
Event: 46.706 GC heap after
{Heap after GC invocations=24 (full 0):
 garbage-first heap   total 118784K, used 69313K [0x0000000680000000, 0x0000000800000000)
  region size 4096K, 2 young (8192K), 2 survivors (8192K)
 Metaspace       used 73415K, committed 75584K, reserved 491520K
  class space    used 10419K, committed 11520K, reserved 425984K
}
Event: 49.829 GC heap before
{Heap before GC invocations=25 (full 0):
 garbage-first heap   total 122880K, used 102081K [0x0000000680000000, 0x0000000800000000)
  region size 4096K, 10 young (40960K), 2 survivors (8192K)
 Metaspace       used 74161K, committed 76416K, reserved 491520K
  class space    used 10470K, committed 11584K, reserved 425984K
}
Event: 49.839 GC heap after
{Heap after GC invocations=26 (full 0):
 garbage-first heap   total 122880K, used 72809K [0x0000000680000000, 0x0000000800000000)
  region size 4096K, 2 young (8192K), 2 survivors (8192K)
 Metaspace       used 74161K, committed 76416K, reserved 491520K
  class space    used 10470K, committed 11584K, reserved 425984K
}
Event: 51.003 GC heap before
{Heap before GC invocations=26 (full 0):
 garbage-first heap   total 122880K, used 105577K [0x0000000680000000, 0x0000000800000000)
  region size 4096K, 10 young (40960K), 2 survivors (8192K)
 Metaspace       used 76784K, committed 78976K, reserved 557056K
  class space    used 10814K, committed 11904K, reserved 425984K
}
Event: 51.016 GC heap after
{Heap after GC invocations=27 (full 0):
 garbage-first heap   total 122880K, used 73518K [0x0000000680000000, 0x0000000800000000)
  region size 4096K, 1 young (4096K), 1 survivors (4096K)
 Metaspace       used 76784K, committed 78976K, reserved 557056K
  class space    used 10814K, committed 11904K, reserved 425984K
}
Event: 51.616 GC heap before
{Heap before GC invocations=27 (full 0):
 garbage-first heap   total 122880K, used 106286K [0x0000000680000000, 0x0000000800000000)
  region size 4096K, 9 young (36864K), 1 survivors (4096K)
 Metaspace       used 79199K, committed 81408K, reserved 557056K
  class space    used 11162K, committed 12288K, reserved 425984K
}
Event: 51.621 GC heap after
{Heap after GC invocations=28 (full 0):
 garbage-first heap   total 122880K, used 74535K [0x0000000680000000, 0x0000000800000000)
  region size 4096K, 1 young (4096K), 1 survivors (4096K)
 Metaspace       used 79199K, committed 81408K, reserved 557056K
  class space    used 11162K, committed 12288K, reserved 425984K
}
Event: 53.616 GC heap before
{Heap before GC invocations=29 (full 0):
 garbage-first heap   total 139264K, used 99111K [0x0000000680000000, 0x0000000800000000)
  region size 4096K, 8 young (32768K), 1 survivors (4096K)
 Metaspace       used 80266K, committed 82560K, reserved 557056K
  class space    used 11281K, committed 12416K, reserved 425984K
}
Event: 53.623 GC heap after
{Heap after GC invocations=30 (full 0):
 garbage-first heap   total 167936K, used 77763K [0x0000000680000000, 0x0000000800000000)
  region size 4096K, 1 young (4096K), 1 survivors (4096K)
 Metaspace       used 80266K, committed 82560K, reserved 557056K
  class space    used 11281K, committed 12416K, reserved 425984K
}

